<?xml version="1.0" encoding="UTF-8"?>
<!-- Generated by org.testng.reporters.JUnitReportReporter -->
<testsuite skipped="0" hostname="athirai" name="qaclickacademy.HomePage" tests="1" failures="0" timestamp="17 May 2019 07:52:03 GMT" time="13.286" errors="0">
  <testcase name="basePageNavigation" time="13.286" classname="qaclickacademy.HomePage"/>
</testsuite> <!-- qaclickacademy.HomePage -->
