<?xml version="1.0" encoding="UTF-8"?>
<!-- Generated by org.testng.reporters.JUnitReportReporter -->
<testsuite skipped="0" hostname="athirai" name="qaclickacademy.AppiumTest" tests="2" failures="0" timestamp="18 Apr 2019 23:59:45 GMT" time="0.001" errors="0">
  <testcase name="Methodtwo" time="0.001" classname="qaclickacademy.AppiumTest"/>
  <testcase name="Methodone" time="0.000" classname="qaclickacademy.AppiumTest"/>
</testsuite> <!-- qaclickacademy.AppiumTest -->
