<?xml version="1.0" encoding="UTF-8"?>
<!-- Generated by org.testng.reporters.JUnitReportReporter -->
<testsuite skipped="0" hostname="athirai" name="qaclickacademy.SeleniumTest" tests="2" failures="0" timestamp="18 Apr 2019 23:59:45 GMT" time="0.013" errors="0">
  <testcase name="Browserautomation" time="0.013" classname="qaclickacademy.SeleniumTest"/>
  <testcase name="elementUI" time="0.000" classname="qaclickacademy.SeleniumTest"/>
</testsuite> <!-- qaclickacademy.SeleniumTest -->
